<?xml version="1.0" encoding="UTF-8"?>
<testsuite name="threesolid.TestWorker" tests="1" skipped="0" failures="0" errors="0" timestamp="2018-10-23T23:05:50" hostname="Daniel-PC" time="0.001">
  <properties/>
  <testcase name="testWorkMethod()" classname="threesolid.TestWorker" time="0.001"/>
  <system-out><![CDATA[]]></system-out>
  <system-err><![CDATA[]]></system-err>
</testsuite>
