<?xml version="1.0" encoding="UTF-8"?>
<testsuite name="ThreeSolidPrinciples.TestWorker" tests="1" skipped="0" failures="0" errors="0" timestamp="2018-10-23T22:59:54" hostname="Daniel-PC" time="0.01">
  <properties/>
  <testcase name="testWorkMethod()" classname="ThreeSolidPrinciples.TestWorker" time="0.01"/>
  <system-out><![CDATA[]]></system-out>
  <system-err><![CDATA[]]></system-err>
</testsuite>
